d:\code\ministl\ministl\debug\vc120.pdb
d:\code\ministl\ministl\debug\vc120.idb
d:\code\ministl\ministl\debug\alloc.nativecodeanalysis.xml
d:\code\ministl\ministl\debug\teststl.nativecodeanalysis.xml
d:\code\ministl\ministl\debug\testvector.nativecodeanalysis.xml
d:\code\ministl\ministl\debug\testvector.obj
d:\code\ministl\ministl\debug\teststl.obj
d:\code\ministl\ministl\debug\alloc.obj
d:\code\ministl\ministl\debug\teststring.obj
d:\code\ministl\ministl\debug\nativecodeanalysis.read.1.tlog
d:\code\ministl\ministl\debug\vc.nativecodeanalysis.all.xml
d:\code\ministl\debug\ministl.pdb
d:\code\ministl\debug\ministl.exe.lastcodeanalysissucceeded
d:\code\ministl\ministl\debug\ministl.tlog\cl.command.1.tlog
d:\code\ministl\ministl\debug\ministl.tlog\cl.read.1.tlog
d:\code\ministl\ministl\debug\ministl.tlog\cl.write.1.tlog
d:\code\ministl\ministl\debug\ministl.tlog\link-cvtres.read.1.tlog
d:\code\ministl\ministl\debug\ministl.tlog\link-cvtres.write.1.tlog
d:\code\ministl\ministl\debug\ministl.tlog\link-rc.read.1.tlog
d:\code\ministl\ministl\debug\ministl.tlog\link-rc.write.1.tlog
d:\code\ministl\ministl\debug\ministl.tlog\link.command.1.tlog
d:\code\ministl\ministl\debug\ministl.tlog\link.read.1.tlog
d:\code\ministl\ministl\debug\ministl.tlog\link.write.1.tlog
